=== Bug Bounty Automation Script v3.0.0 ===
Target: example.com
Started: Fri Aug 29 05:07:20 UTC 2025

[2025-08-29 05:07:20] [SUCCESS] Environment initialized successfully
[2025-08-29 05:07:20] [INFO] Checking tool versions and requirements...
[2025-08-29 05:07:20] [WARNING] waybackurls is not installed (required version: 0.1.0)
[2025-08-29 05:07:20] [INFO] Install waybackurls: https://github.com/projectdiscovery/waybackurls
[2025-08-29 05:07:20] [WARNING] nuclei is not installed (required version: 2.9.0)
[2025-08-29 05:07:20] [INFO] Install nuclei: https://github.com/projectdiscovery/nuclei
[2025-08-29 05:07:20] [WARNING] gau is not installed (required version: 2.1.0)
[2025-08-29 05:07:20] [INFO] Install gau: https://github.com/projectdiscovery/gau
[2025-08-29 05:07:20] [WARNING] assetfinder is not installed (required version: 0.1.0)
[2025-08-29 05:07:20] [INFO] Install assetfinder: https://github.com/projectdiscovery/assetfinder
[2025-08-29 05:07:20] [WARNING] masscan is not installed (required version: 1.3.0)
[2025-08-29 05:07:20] [INFO] Install masscan: https://github.com/projectdiscovery/masscan
[2025-08-29 05:07:20] [WARNING] subfinder is not installed (required version: 2.5.0)
[2025-08-29 05:07:20] [INFO] Install subfinder: https://github.com/projectdiscovery/subfinder
[2025-08-29 05:07:20] [WARNING] nmap is not installed (required version: 7.80)
[2025-08-29 05:07:20] [INFO] Install nmap: https://github.com/projectdiscovery/nmap
[2025-08-29 05:07:20] [WARNING] httpx is not installed (required version: 1.2.0)
[2025-08-29 05:07:20] [INFO] Install httpx: https://github.com/projectdiscovery/httpx
[2025-08-29 05:07:20] [WARNING] ffuf is not installed (required version: 1.5.0)
[2025-08-29 05:07:20] [INFO] Install ffuf: https://github.com/projectdiscovery/ffuf
[2025-08-29 05:07:20] [WARNING] amass is not installed (required version: 3.21.0)
[2025-08-29 05:07:20] [INFO] Install amass: https://github.com/projectdiscovery/amass
[2025-08-29 05:07:20] [WARNING] gobuster is not installed (required version: 3.1.0)
[2025-08-29 05:07:20] [INFO] Install gobuster: https://github.com/projectdiscovery/gobuster
[2025-08-29 05:07:20] [WARNING] 11 tools are missing. Some modules may not function properly.
[2025-08-29 05:07:20] [INFO] Consider installing missing tools for full functionality
[2025-08-29 05:07:20] [INFO] Loading and validating modules...
[2025-08-29 05:07:20] [WARNING] Subdomain module disabled - no compatible tools found
[2025-08-29 05:07:20] [WARNING] Port scanning module disabled - no compatible tools found
[2025-08-29 05:07:20] [WARNING] Directory scanning module disabled - no compatible tools found
[2025-08-29 05:07:20] [WARNING] Technology detection module disabled - httpx not found
[2025-08-29 05:07:20] [INFO] Dry run mode - would execute the following modules:
[2025-08-29 05:07:20] [INFO] Dry run completed
[2025-08-29 05:11:14] [INFO] Validating configuration...
